<?xml version="1.0" encoding="UTF-8"?>
<!-- Generated by org.testng.reporters.JUnitReportReporter -->
<testsuite hostname="sunanda" failures="0" tests="2" name="selenimPracise.selenimPracise.baseCode" time="9.862" errors="0" timestamp="2022-07-30T01:15:37 IST" skipped="0">
  <testcase classname="selenimPracise.selenimPracise.baseCode" name="login" time="9.480"/>
  <system-out/>
  <testcase classname="selenimPracise.selenimPracise.baseCode" name="logoVerification1" time="0.382"/>
  <system-out/>
</testsuite> <!-- selenimPracise.selenimPracise.baseCode -->
